Environment variables:
  - =C:=C:\Windows\System32
  - =D:=D:\Devops\materials\Google-drive-for-simplilearn-batch\Google-drive-for-simplilearn-batch\sonar\sonar-scanner-3.0.3.778-windows\bin
  - =ExitCode=00000000
  - ALLUSERSPROFILE=C:\ProgramData
  - APPDATA=C:\Users\admin\AppData\Roaming
  - COMPUTERNAME=DESKTOP-DPP9CAC
  - ComSpec=C:\WINDOWS\system32\cmd.exe
  - CommonProgramFiles=C:\Program Files\Common Files
  - CommonProgramFiles(x86)=C:\Program Files (x86)\Common Files
  - CommonProgramW6432=C:\Program Files\Common Files
  - DriverData=C:\Windows\System32\Drivers\DriverData
  - ERROR_CODE=0
  - FSHARPINSTALLDIR=C:\Program Files (x86)\Microsoft SDKs\F#\10.1\Framework\v4.0\
  - GOOGLE_API_KEY=no
  - GOOGLE_DEFAULT_CLIENT_ID=no
  - GOOGLE_DEFAULT_CLIENT_SECRET=no
  - HOMEDRIVE=C:
  - HOMEPATH=\Users\admin
  - JAVA_EXEC="D:\Devops\materials\Google-drive-for-simplilearn-batch\Google-drive-for-simplilearn-batch\sonar\sonar-scanner-3.0.3.778-windows\bin\..\jre\bin\java.exe"
  - JAVA_HOME=D:\Devops\materials\Google-drive-for-simplilearn-batch\Google-drive-for-simplilearn-batch\sonar\sonar-scanner-3.0.3.778-windows\bin\..\jre
  - LOCALAPPDATA=C:\Users\admin\AppData\Local
  - LOGONSERVER=\\DESKTOP-DPP9CAC
  - NUMBER_OF_PROCESSORS=4
  - OS=Windows_NT
  - OneDrive=C:\Users\admin\OneDrive
  - PATHEXT=.COM;.EXE;.BAT;.CMD;.VBS;.VBE;.JS;.JSE;.WSF;.WSH;.MSC
  - PROCESSOR_ARCHITECTURE=AMD64
  - PROCESSOR_IDENTIFIER=Intel64 Family 6 Model 58 Stepping 9, GenuineIntel
  - PROCESSOR_LEVEL=6
  - PROCESSOR_REVISION=3a09
  - PROJECT_HOME=D:\Devops\materials\Google-drive-for-simplilearn-batch\Google-drive-for-simplilearn-batch\sonar\sonar-scanner-3.0.3.778-windows\bin
  - PROMPT=$P$G
  - PSModulePath=C:\WINDOWS\system32\WindowsPowerShell\v1.0\Modules\
  - PUBLIC=C:\Users\Public
  - Path=C:\ProgramData\Oracle\Java\javapath;C:\WINDOWS\system32;C:\WINDOWS;C:\WINDOWS\System32\Wbem;C:\WINDOWS\System32\WindowsPowerShell\v1.0\;C:\Program Files\dotnet\;C:\Program Files\Microsoft SQL Server\130\Tools\Binn\;C:\Program Files (x86)\PuTTY\;C:\WINDOWS\System32\OpenSSH\;C:\Program Files\Git\cmd;C:\Program Files\Java\jdk1.8.0_144\bin;C:\apache-maven-3.5.0\bin;C:\Users\admin\AppData\Local\Microsoft\WindowsApps
  - ProgramData=C:\ProgramData
  - ProgramFiles=C:\Program Files
  - ProgramFiles(x86)=C:\Program Files (x86)
  - ProgramW6432=C:\Program Files
  - SONAR_SCANNER_HOME=D:\Devops\materials\Google-drive-for-simplilearn-batch\Google-drive-for-simplilearn-batch\sonar\sonar-scanner-3.0.3.778-windows\bin\..
  - SystemDrive=C:
  - SystemRoot=C:\WINDOWS
  - TEMP=C:\Users\admin\AppData\Local\Temp
  - TMP=C:\Users\admin\AppData\Local\Temp
  - USERDOMAIN=DESKTOP-DPP9CAC
  - USERDOMAIN_ROAMINGPROFILE=DESKTOP-DPP9CAC
  - USERNAME=admin
  - USERPROFILE=C:\Users\admin
  - scriptdir=D:\Devops\materials\Google-drive-for-simplilearn-batch\Google-drive-for-simplilearn-batch\sonar\sonar-scanner-3.0.3.778-windows\bin
  - use_embedded_jre=true
  - windir=C:\WINDOWS
System properties:
  - awt.toolkit=sun.awt.windows.WToolkit
  - file.encoding=Cp1252
  - file.encoding.pkg=sun.io
  - file.separator=\
  - java.awt.graphicsenv=sun.awt.Win32GraphicsEnvironment
  - java.awt.headless=true
  - java.awt.printerjob=sun.awt.windows.WPrinterJob
  - java.class.path=D:\Devops\materials\Google-drive-for-simplilearn-batch\Google-drive-for-simplilearn-batch\sonar\sonar-scanner-3.0.3.778-windows\bin\..\lib\sonar-scanner-cli-3.0.3.778.jar
  - java.class.version=52.0
  - java.endorsed.dirs=D:\Devops\materials\Google-drive-for-simplilearn-batch\Google-drive-for-simplilearn-batch\sonar\sonar-scanner-3.0.3.778-windows\jre\lib\endorsed
  - java.ext.dirs=D:\Devops\materials\Google-drive-for-simplilearn-batch\Google-drive-for-simplilearn-batch\sonar\sonar-scanner-3.0.3.778-windows\jre\lib\ext;C:\WINDOWS\Sun\Java\lib\ext
  - java.home=D:\Devops\materials\Google-drive-for-simplilearn-batch\Google-drive-for-simplilearn-batch\sonar\sonar-scanner-3.0.3.778-windows\jre
  - java.io.tmpdir=C:\Users\admin\AppData\Local\Temp\
  - java.library.path=D:\Devops\materials\Google-drive-for-simplilearn-batch\Google-drive-for-simplilearn-batch\sonar\sonar-scanner-3.0.3.778-windows\jre\bin;C:\WINDOWS\Sun\Java\bin;C:\WINDOWS\system32;C:\WINDOWS;C:\ProgramData\Oracle\Java\javapath;C:\WINDOWS\system32;C:\WINDOWS;C:\WINDOWS\System32\Wbem;C:\WINDOWS\System32\WindowsPowerShell\v1.0\;C:\Program Files\dotnet\;C:\Program Files\Microsoft SQL Server\130\Tools\Binn\;C:\Program Files (x86)\PuTTY\;C:\WINDOWS\System32\OpenSSH\;C:\Program Files\Git\cmd;C:\Program Files\Java\jdk1.8.0_144\bin;C:\apache-maven-3.5.0\bin;C:\Users\admin\AppData\Local\Microsoft\WindowsApps;.
  - java.runtime.name=Java(TM) SE Runtime Environment
  - java.runtime.version=1.8.0_121-b13
  - java.specification.name=Java Platform API Specification
  - java.specification.vendor=Oracle Corporation
  - java.specification.version=1.8
  - java.vendor=Oracle Corporation
  - java.vendor.url=http://java.oracle.com/
  - java.vendor.url.bug=http://bugreport.sun.com/bugreport/
  - java.version=1.8.0_121
  - java.vm.info=mixed mode
  - java.vm.name=Java HotSpot(TM) 64-Bit Server VM
  - java.vm.specification.name=Java Virtual Machine Specification
  - java.vm.specification.vendor=Oracle Corporation
  - java.vm.specification.version=1.8
  - java.vm.vendor=Oracle Corporation
  - java.vm.version=25.121-b13
  - line.separator=

  - os.arch=amd64
  - os.name=Windows 10
  - os.version=10.0
  - path.separator=;
  - project.home=D:\Devops\materials\Google-drive-for-simplilearn-batch\Google-drive-for-simplilearn-batch\sonar\sonar-scanner-3.0.3.778-windows\bin
  - scanner.home=D:\Devops\materials\Google-drive-for-simplilearn-batch\Google-drive-for-simplilearn-batch\sonar\sonar-scanner-3.0.3.778-windows\bin\..
  - sun.arch.data.model=64
  - sun.boot.class.path=D:\Devops\materials\Google-drive-for-simplilearn-batch\Google-drive-for-simplilearn-batch\sonar\sonar-scanner-3.0.3.778-windows\jre\lib\resources.jar;D:\Devops\materials\Google-drive-for-simplilearn-batch\Google-drive-for-simplilearn-batch\sonar\sonar-scanner-3.0.3.778-windows\jre\lib\rt.jar;D:\Devops\materials\Google-drive-for-simplilearn-batch\Google-drive-for-simplilearn-batch\sonar\sonar-scanner-3.0.3.778-windows\jre\lib\sunrsasign.jar;D:\Devops\materials\Google-drive-for-simplilearn-batch\Google-drive-for-simplilearn-batch\sonar\sonar-scanner-3.0.3.778-windows\jre\lib\jsse.jar;D:\Devops\materials\Google-drive-for-simplilearn-batch\Google-drive-for-simplilearn-batch\sonar\sonar-scanner-3.0.3.778-windows\jre\lib\jce.jar;D:\Devops\materials\Google-drive-for-simplilearn-batch\Google-drive-for-simplilearn-batch\sonar\sonar-scanner-3.0.3.778-windows\jre\lib\charsets.jar;D:\Devops\materials\Google-drive-for-simplilearn-batch\Google-drive-for-simplilearn-batch\sonar\sonar-scanner-3.0.3.778-windows\jre\lib\jfr.jar;D:\Devops\materials\Google-drive-for-simplilearn-batch\Google-drive-for-simplilearn-batch\sonar\sonar-scanner-3.0.3.778-windows\jre\classes
  - sun.boot.library.path=D:\Devops\materials\Google-drive-for-simplilearn-batch\Google-drive-for-simplilearn-batch\sonar\sonar-scanner-3.0.3.778-windows\jre\bin
  - sun.cpu.endian=little
  - sun.cpu.isalist=amd64
  - sun.desktop=windows
  - sun.io.unicode.encoding=UnicodeLittle
  - sun.java.command=org.sonarsource.scanner.cli.Main -X
  - sun.java.launcher=SUN_STANDARD
  - sun.jnu.encoding=Cp1252
  - sun.management.compiler=HotSpot 64-Bit Tiered Compilers
  - sun.os.patch.level=
  - sun.stderr.encoding=cp437
  - sun.stdout.encoding=cp437
  - user.country=US
  - user.dir=D:\Devops\materials\Google-drive-for-simplilearn-batch\Google-drive-for-simplilearn-batch\sonar\sonar-scanner-3.0.3.778-windows\bin
  - user.home=C:\Users\admin
  - user.language=en
  - user.name=admin
  - user.script=
  - user.timezone=Asia/Calcutta
  - user.variant=
SonarQube plugins:
  - C# 5.10.1.1411 (csharp)
  - Python 1.7.0.1195 (python)
  - SonarJava 4.9.0.9858 (java)
  - Flex 2.3 (flex)
  - Git 1.2 (scmgit)
  - SonarXML 1.4.2.885 (xml)
  - SonarPHP 2.10.0.2087 (php)
  - SVN 1.4.0.522 (scmsvn)
  - SonarJS 3.0.0.4962 (javascript)
Global properties:
  - sonar.core.id=AWnShZhg4Q0aNDtTzJl2
  - sonar.core.startTime=2019-03-31T12:22:43+0530
Settings for module: org.sonarqube:sonarqube-scanner
  - sonar.cobol.copy.directories=copybooks
  - sonar.cobol.copy.suffixes=cpy
  - sonar.cobol.file.suffixes=cbl,cpy
  - sonar.flex.cobertura.reportPath=coverage-report/coverage-cobertua-flex.xml
  - sonar.pli.marginLeft=2
  - sonar.pli.marginRight=0
  - sonar.projectBaseDir=D:\Devops\materials\Google-drive-for-simplilearn-batch\Google-drive-for-simplilearn-batch\sonar\sonar-scanner-3.0.3.778-windows\bin
  - sonar.projectKey=org.sonarqube:sonarqube-scanner
  - sonar.projectName=Example of SonarQube Scanner Usage
  - sonar.projectVersion=1.0
  - sonar.sourceEncoding=UTF-8
  - sonar.sources=src,copybooks
  - sonar.verbose=true
  - sonar.working.directory=D:\Devops\materials\Google-drive-for-simplilearn-batch\Google-drive-for-simplilearn-batch\sonar\sonar-scanner-3.0.3.778-windows\bin\.scannerwork
